<?xml version="1.0" encoding="UTF-8"?>
<!-- Generated by org.testng.reporters.JUnitReportReporter -->
<testsuite hostname="DESKTOP-Q5EI90L" name="Login" tests="1" failures="0" timestamp="29 May 2018 10:23:17 GMT" time="31.772" errors="0">
  <testcase name="f" time="31.772" classname="Login"/>
</testsuite> <!-- Login -->
